[----] Criterion v2.3.3
[====] Running 34 tests from sf_memsuite_grading:
[RUN ] sf_memsuite_grading::free_block_too_small
[PASS] sf_memsuite_grading::free_block_too_small: (0.00s)
[RUN ] sf_memsuite_grading::free_null
[PASS] sf_memsuite_grading::free_null: (0.00s)
[RUN ] sf_memsuite_grading::free_prev_alloc
[PASS] sf_memsuite_grading::free_prev_alloc: (0.00s)
[RUN ] sf_memsuite_grading::free_unallocated
[PASS] sf_memsuite_grading::free_unallocated: (0.00s)
[RUN ] sf_memsuite_grading::initialization
[PASS] sf_memsuite_grading::initialization: (0.00s)
[RUN ] sf_memsuite_grading::internal_fragmentation
[----] tests/grading_tests_p2.c:330: Assertion failed: internal fragmentation_2 did not match (exp=0.984615, found=0.980670)
[FAIL] sf_memsuite_grading::internal_fragmentation: (0.00s)
[RUN ] sf_memsuite_grading::malloc_free_coalesce_both
[----] tests/__grading_helpers.c:137: Assertion failed: Block 0x5610096161c8 has wrong block_size (got 480, expected 800)
[FAIL] sf_memsuite_grading::malloc_free_coalesce_both: (0.00s)
[RUN ] sf_memsuite_grading::malloc_free_coalesce_lower
[----] tests/__grading_helpers.c:86: Assertion failed: Prev allocated bit is not correctly set for 0x5562c3df7298. Should be: 1
[FAIL] sf_memsuite_grading::malloc_free_coalesce_lower: (0.00s)
[RUN ] sf_memsuite_grading::malloc_free_coalesce_upper
[----] tests/__grading_helpers.c:86: Assertion failed: Prev allocated bit is not correctly set for 0x55de58ce9298. Should be: 1
[FAIL] sf_memsuite_grading::malloc_free_coalesce_upper: (0.00s)
[RUN ] sf_memsuite_grading::malloc_free_first_block
[----] tests/__grading_helpers.c:86: Assertion failed: Prev allocated bit is not correctly set for 0x563f2933b298. Should be: 0
[FAIL] sf_memsuite_grading::malloc_free_first_block: (0.00s)
[RUN ] sf_memsuite_grading::malloc_free_last_block
[----] tests/__grading_helpers.c:86: Assertion failed: Prev allocated bit is not correctly set for 0x55898db2f298. Should be: 1
[FAIL] sf_memsuite_grading::malloc_free_last_block: (0.00s)
[RUN ] sf_memsuite_grading::malloc_free_lifo
[PASS] sf_memsuite_grading::malloc_free_lifo: (0.00s)
[RUN ] sf_memsuite_grading::malloc_free_no_coalesce
[----] tests/__grading_helpers.c:86: Assertion failed: Prev allocated bit is not correctly set for 0x55dcbf17d208. Should be: 1
[FAIL] sf_memsuite_grading::malloc_free_no_coalesce: (0.00s)
[RUN ] sf_memsuite_grading::malloc_to_exhaustion
[----] tests/grading_tests_p1.c:349: Assertion failed: Allocation failed, but heap can still grow.
[FAIL] sf_memsuite_grading::malloc_to_exhaustion: (0.00s)
[RUN ] sf_memsuite_grading::malloc_with_splinter
[----] tests/__grading_helpers.c:137: Assertion failed: Block 0x55b7aa51c1c8 has wrong block_size (got 960, expected 976)
[FAIL] sf_memsuite_grading::malloc_with_splinter: (0.00s)
[RUN ] sf_memsuite_grading::multiple_quick_lists
[PASS] sf_memsuite_grading::multiple_quick_lists: (0.00s)
[RUN ] sf_memsuite_grading::non_abort_test
[PASS] sf_memsuite_grading::non_abort_test: (0.00s)
[RUN ] sf_memsuite_grading::peak_utilization
[----] tests/grading_tests_p2.c:287: Assertion failed: peak utilization_1 did not match (exp=0.791016, found=0.498047)
[FAIL] sf_memsuite_grading::peak_utilization: (0.00s)
[RUN ] sf_memsuite_grading::quick_list_flush
[PASS] sf_memsuite_grading::quick_list_flush: (0.00s)
[RUN ] sf_memsuite_grading::realloc_internal_fragmentation
[----] tests/grading_tests_p2.c:359: Unexpected signal caught below this line!
[FAIL] sf_memsuite_grading::realloc_internal_fragmentation: CRASH!
[RUN ] sf_memsuite_grading::realloc_larger
[PASS] sf_memsuite_grading::realloc_larger: (0.00s)
[RUN ] sf_memsuite_grading::realloc_same
[PASS] sf_memsuite_grading::realloc_same: (0.00s)
[RUN ] sf_memsuite_grading::realloc_size_0
[PASS] sf_memsuite_grading::realloc_size_0: (0.00s)
[RUN ] sf_memsuite_grading::realloc_smaller
[PASS] sf_memsuite_grading::realloc_smaller: (0.00s)
[RUN ] sf_memsuite_grading::realloc_splinter
[PASS] sf_memsuite_grading::realloc_splinter: (0.00s)
[RUN ] sf_memsuite_grading::simple_quick_list
[PASS] sf_memsuite_grading::simple_quick_list: (0.00s)
[RUN ] sf_memsuite_grading::single_malloc_1
[PASS] sf_memsuite_grading::single_malloc_1: (0.00s)
[RUN ] sf_memsuite_grading::single_malloc_16
[PASS] sf_memsuite_grading::single_malloc_16: (0.00s)
[RUN ] sf_memsuite_grading::single_malloc_32
[PASS] sf_memsuite_grading::single_malloc_32: (0.00s)
[RUN ] sf_memsuite_grading::single_malloc_exactly_one_page_needed
[PASS] sf_memsuite_grading::single_malloc_exactly_one_page_needed: (0.00s)
[RUN ] sf_memsuite_grading::single_malloc_max
[PASS] sf_memsuite_grading::single_malloc_max: (0.00s)
[RUN ] sf_memsuite_grading::single_malloc_more_than_one_page_needed
[PASS] sf_memsuite_grading::single_malloc_more_than_one_page_needed: (0.00s)
[RUN ] sf_memsuite_grading::single_malloc_three_pages_needed
[----] tests/__grading_helpers.c:137: Assertion failed: Block 0x55fcb033a1c8 has wrong block_size (got 3008, expected 3024)
[FAIL] sf_memsuite_grading::single_malloc_three_pages_needed: (0.00s)
[RUN ] sf_memsuite_grading::stress_test
[----] tests/grading_tests_p2.c:196: Unexpected signal caught below this line!
[FAIL] sf_memsuite_grading::stress_test: CRASH!
[====] Running 10 tests from sfmm_basecode_suite:
[RUN ] sfmm_basecode_suite::free_coalesce
[PASS] sfmm_basecode_suite::free_coalesce: (0.00s)
[RUN ] sfmm_basecode_suite::free_no_coalesce
[PASS] sfmm_basecode_suite::free_no_coalesce: (0.00s)
[RUN ] sfmm_basecode_suite::free_quick
[PASS] sfmm_basecode_suite::free_quick: (0.00s)
[RUN ] sfmm_basecode_suite::freelist
[PASS] sfmm_basecode_suite::freelist: (0.00s)
[RUN ] sfmm_basecode_suite::malloc_an_int
[PASS] sfmm_basecode_suite::malloc_an_int: (0.00s)
[RUN ] sfmm_basecode_suite::malloc_four_pages
[PASS] sfmm_basecode_suite::malloc_four_pages: (0.00s)
[RUN ] sfmm_basecode_suite::malloc_too_large
[PASS] sfmm_basecode_suite::malloc_too_large: (0.00s)
[RUN ] sfmm_basecode_suite::realloc_larger_block
[PASS] sfmm_basecode_suite::realloc_larger_block: (0.00s)
[RUN ] sfmm_basecode_suite::realloc_smaller_block_free_block
[PASS] sfmm_basecode_suite::realloc_smaller_block_free_block: (0.00s)
[RUN ] sfmm_basecode_suite::realloc_smaller_block_splinter
[PASS] sfmm_basecode_suite::realloc_smaller_block_splinter: (0.00s)
[----] Writing xml report in `crit.xml`.
[====] Synthesis: Tested: 44 | Passing: 31 | Failing: 13 | Crashing: 2 
