[----] Criterion v2.3.3
[====] Running 1 test from basecode_suite:
[RUN ] basecode_suite::mush_eof_test
[PASS] basecode_suite::mush_eof_test: (0.00s)
[====] Running 3 tests from blackbox_suite:
[RUN ] blackbox_suite::source_file
Couldn't open source file: 'tmp/source_file.out'
test_output/source_file.out tests/rsrc/source_file.out differ: byte 1, line 1
[----] tests/__grading_helpers.c:77: Assertion failed: Program exited with 1 instead of EXIT_SUCCESS
[FAIL] blackbox_suite::source_file: (0.01s)
[RUN ] blackbox_suite::valgrind_complex
[----] tests/__grading_helpers.c:68: Assertion failed: The program terminated with an unexpected signal (37).
[FAIL] blackbox_suite::valgrind_complex: (1.73s)
[RUN ] blackbox_suite::valgrind_simple
[PASS] blackbox_suite::valgrind_simple: (0.97s)
[====] Running 18 tests from jobs_suite:
[RUN ] jobs_suite::cancel_invalid
[PASS] jobs_suite::cancel_invalid: (0.00s)
[RUN ] jobs_suite::cancel_terminated_job
[PASS] jobs_suite::cancel_terminated_job: (3.00s)
[RUN ] jobs_suite::capture_long_output
[----] tests/__grading_helpers.c:121: Assertion failed: Output string did not match expected string. Got: nwlrbbmqbhcdarzowkkyhiddqscdxrjmowfrxsjybldbefsarcbynecdyggxxpklorellnmpapqfwkhopkmcoqhnwnkuewhsqmg | Expected: nwlrbbmqbhcdarzowkkyhiddqscdxrjmowfrxsjybldbefsarcbynecdyggxxpklorellnmpapqfwkhopkmcoqhnwnkuewhsqmgbbuqcljjivswmdkqtbxixmvtrrbljptnsnfwzqfjmafadrrwsofsbcnuvqhffbsaqxwpqcacehchzvfrkmlnozjkpqpxrjxkitzyxacbhhkicqcoendtomfgdwdwfcgpxiqvkuytdlcgdewhtaciohordtqkvwcsgspqoqmsboaguwnnyqxnzlgdgwpbtrwblnsadeuguumoqcdrubetokyxhoachwdvmxxrdryxlmndqtukwagmlejuukwcibxubumenmeyatdrmydiajxloghiqfmzhlvihjouvsuyoypayulyeimuotehzriicfskpggkbbipzzrzucxamludfykgruowzgiooobppleqlwphapjnadqhdcnvwdtxjbmyppphauxnspusgdhiixqmbfjxjcvudjsuyibyebmwsiqyoygyxymzevypzvjegebeocfuftsxdixtigsieehkchzdflilrjqfnxztqrsvbspkyhsenbppkqtpddbuotbbqcwivrfxjujjddntgeiqvdgaijvwcyaubwewpjvygehljxepbpiwuqzdzubdubzvafspqpqwuzifwovyddwyvvburczmgyjgfdxvtnunneslsplwuiupfxlzbknhkwppanltcfirjcddsozoyvegurfwcsfmoxeqmrjowrghwlkobmeahkgccnaehhsveymqpxhlrnuny[FAIL] jobs_suite::capture_long_output: (0.00s)
[RUN ] jobs_suite::get_output_invalid
hi
[----] tests/__grading_helpers.c:59: Assertion failed: String should be NULL if variable does not exist.
[FAIL] jobs_suite::get_output_invalid: (0.00s)
[RUN ] jobs_suite::input_redirection
[----] tests/__grading_helpers.c:121: Assertion failed: Output string did not match expected string. Got:  | Expected: redirected input
[FAIL] jobs_suite::input_redirection: (0.01s)
[RUN ] jobs_suite::output_redirection
redirected output
[----] tests/jobs_tests.c:55: Unexpected signal caught below this line!
[FAIL] jobs_suite::output_redirection: CRASH!
[RUN ] jobs_suite::poll_invalid
[PASS] jobs_suite::poll_invalid: (0.00s)
[RUN ] jobs_suite::run_background
[PASS] jobs_suite::run_background: (0.01s)
[RUN ] jobs_suite::run_pipeline
[----] tests/__grading_helpers.c:121: Assertion failed: Output string did not match expected string. Got: system fundamentals
[----]    | Expected: 20
[FAIL] jobs_suite::run_pipeline: (0.01s)
[RUN ] jobs_suite::simple_cancel
[----] tests/__grading_helpers.c:88: Assertion failed: Program exited with 0 instead of -1
[FAIL] jobs_suite::simple_cancel: (1.00s)
[RUN ] jobs_suite::simple_expunge
[PASS] jobs_suite::simple_expunge: (1.01s)
[RUN ] jobs_suite::simple_get_output
[PASS] jobs_suite::simple_get_output: (0.00s)
[RUN ] jobs_suite::simple_pause
[PASS] jobs_suite::simple_pause: (1.00s)
[RUN ] jobs_suite::simple_run
[PASS] jobs_suite::simple_run: (0.01s)
[RUN ] jobs_suite::simple_show
[PASS] jobs_suite::simple_show: (0.01s)
[RUN ] jobs_suite::wait_and_poll
[PASS] jobs_suite::wait_and_poll: (3.00s)
[RUN ] jobs_suite::wait_expunged_job
[PASS] jobs_suite::wait_expunged_job: (3.01s)
[RUN ] jobs_suite::wait_invalid_job
[PASS] jobs_suite::wait_invalid_job: (0.00s)
[====] Running 16 tests from program_suite:
[RUN ] program_suite::prog_delete_after_pc
[PASS] program_suite::prog_delete_after_pc: (0.00s)
[RUN ] program_suite::prog_delete_all
[PASS] program_suite::prog_delete_all: (0.00s)
[RUN ] program_suite::prog_delete_at_pc
[PASS] program_suite::prog_delete_at_pc: (0.00s)
[RUN ] program_suite::prog_delete_before_pc
[PASS] program_suite::prog_delete_before_pc: (0.00s)
[RUN ] program_suite::prog_fetch
[PASS] program_suite::prog_fetch: (0.00s)
[RUN ] program_suite::prog_fetch_beyond
[PASS] program_suite::prog_fetch_beyond: (0.00s)
[RUN ] program_suite::prog_fetch_empty
[PASS] program_suite::prog_fetch_empty: (0.00s)
[RUN ] program_suite::prog_goto_invalid
[PASS] program_suite::prog_goto_invalid: (0.00s)
[RUN ] program_suite::prog_goto_valid
[PASS] program_suite::prog_goto_valid: (0.00s)
[RUN ] program_suite::prog_insert_beginning
[PASS] program_suite::prog_insert_beginning: (0.00s)
[RUN ] program_suite::prog_insert_end
[PASS] program_suite::prog_insert_end: (0.00s)
[RUN ] program_suite::prog_insert_middle
[PASS] program_suite::prog_insert_middle: (0.00s)
[RUN ] program_suite::prog_insert_replace
[PASS] program_suite::prog_insert_replace: (0.00s)
[RUN ] program_suite::prog_list
[PASS] program_suite::prog_list: (0.00s)
[RUN ] program_suite::prog_next_empty
[PASS] program_suite::prog_next_empty: (0.00s)
[RUN ] program_suite::prog_reset_fetch
[PASS] program_suite::prog_reset_fetch: (0.00s)
[====] Running 9 tests from store_suite:
[RUN ] store_suite::store_get_int_from_string
[----] tests/__grading_helpers.c:77: Assertion failed: Program exited with -1 instead of EXIT_SUCCESS
[FAIL] store_suite::store_get_int_from_string: (0.00s)
[RUN ] store_suite::store_get_int_invalid
[PASS] store_suite::store_get_int_invalid: (0.00s)
[RUN ] store_suite::store_get_int_non_exist
[PASS] store_suite::store_get_int_non_exist: (0.00s)
[RUN ] store_suite::store_get_string_non_exist
[PASS] store_suite::store_get_string_non_exist: (0.00s)
[RUN ] store_suite::store_set_int_new
[PASS] store_suite::store_set_int_new: (0.00s)
[RUN ] store_suite::store_set_int_replace
[PASS] store_suite::store_set_int_replace: (0.00s)
[RUN ] store_suite::store_set_string_delete
[PASS] store_suite::store_set_string_delete: (0.00s)
[RUN ] store_suite::store_set_string_new
[PASS] store_suite::store_set_string_new: (0.00s)
[RUN ] store_suite::store_set_string_replace
[PASS] store_suite::store_set_string_replace: (0.00s)
[----] Writing xml report in `crit.xml`.
[====] Synthesis: Tested: 47 | Passing: 38 | Failing: 9 | Crashing: 1 
