[----] Criterion v2.3.3
[====] Running 13 tests from argo_read_number_suite:
[RUN ] argo_read_number_suite::capital_exponent_symbol
[PASS] argo_read_number_suite::capital_exponent_symbol: (0.00s)
[RUN ] argo_read_number_suite::float_exact_one
[PASS] argo_read_number_suite::float_exact_one: (0.00s)
[RUN ] argo_read_number_suite::float_exact_zero
[PASS] argo_read_number_suite::float_exact_zero: (0.00s)
[RUN ] argo_read_number_suite::invalid_input_1
[----] tests/argo_utils.h:71: Assertion failed: Invalid return for argo_read_number. Return value should not be: 0 | Got: 0
[FAIL] argo_read_number_suite::invalid_input_1: (0.00s)
[RUN ] argo_read_number_suite::invalid_input_2
[PASS] argo_read_number_suite::invalid_input_2: (0.00s)
[RUN ] argo_read_number_suite::invalid_input_3
[----] tests/argo_utils.h:71: Assertion failed: Invalid return for argo_read_number. Return value should not be: 0 | Got: 0
[FAIL] argo_read_number_suite::invalid_input_3: (0.00s)
[RUN ] argo_read_number_suite::negative_exponent_negative_number
[PASS] argo_read_number_suite::negative_exponent_negative_number: (0.00s)
[RUN ] argo_read_number_suite::negative_int
[PASS] argo_read_number_suite::negative_int: (0.00s)
[RUN ] argo_read_number_suite::plus_sign
[----] tests/argo_utils.h:71: Assertion failed: Invalid return for argo_read_number. Return value should not be: 0 | Got: 0
[FAIL] argo_read_number_suite::plus_sign: (0.00s)
[RUN ] argo_read_number_suite::small_exponent_symbol
[PASS] argo_read_number_suite::small_exponent_symbol: (0.00s)
[RUN ] argo_read_number_suite::valid_float
[PASS] argo_read_number_suite::valid_float: (0.00s)
[RUN ] argo_read_number_suite::valid_int
[PASS] argo_read_number_suite::valid_int: (0.00s)
[RUN ] argo_read_number_suite::valid_string
[PASS] argo_read_number_suite::valid_string: (0.00s)
[====] Running 7 tests from argo_read_string_suite:
[RUN ] argo_read_string_suite::control_character_check
[----] tests/argo_utils.h:71: Assertion failed: Invalid return for argo_read_string. Return value should not be: 0 | Got: 0
[FAIL] argo_read_string_suite::control_character_check: (0.00s)
[RUN ] argo_read_string_suite::simple_valid_string
[----] tests/argo_utils.h:113: Assertion failed: Invalid string content.
[FAIL] argo_read_string_suite::simple_valid_string: (0.00s)
[RUN ] argo_read_string_suite::valid_escape_hex_sequence
[----] tests/argo_utils.h:113: Assertion failed: Invalid string content.
[FAIL] argo_read_string_suite::valid_escape_hex_sequence: (0.00s)
[RUN ] argo_read_string_suite::valid_escape_sequence
[----] tests/argo_utils.h:113: Assertion failed: Invalid string content.
[FAIL] argo_read_string_suite::valid_escape_sequence: (0.00s)
[RUN ] argo_read_string_suite::valid_string
[----] tests/argo_utils.h:113: Assertion failed: Invalid string content.
[FAIL] argo_read_string_suite::valid_string: (0.00s)
[RUN ] argo_read_string_suite::wrong_escape_hex_sequence
[----] tests/argo_utils.h:71: Assertion failed: Invalid return for argo_read_string. Return value should not be: 0 | Got: 0
[FAIL] argo_read_string_suite::wrong_escape_hex_sequence: (0.00s)
[RUN ] argo_read_string_suite::wrong_escape_sequence
[----] tests/argo_utils.h:71: Assertion failed: Invalid return for argo_read_string. Return value should not be: 0 | Got: 0
[FAIL] argo_read_string_suite::wrong_escape_sequence: (0.00s)
[====] Running 9 tests from argo_read_value_suite:
[RUN ] argo_read_value_suite::array_empty_list
[----] tests/argo_utils.h:141: Assertion failed: Array is empty, next pointer should point to the sentinel node.
[FAIL] argo_read_value_suite::array_empty_list: (0.00s)
[RUN ] argo_read_value_suite::array_storage_usage
[PASS] argo_read_value_suite::array_storage_usage: (0.00s)
[RUN ] argo_read_value_suite::nested_argo_value
[PASS] argo_read_value_suite::nested_argo_value: (0.00s)
[RUN ] argo_read_value_suite::object_empty_member
[----] tests/argo_utils.h:141: Assertion failed: Object is empty, next pointer should point to the sentinel node.
[FAIL] argo_read_value_suite::object_empty_member: (0.00s)
[RUN ] argo_read_value_suite::simple_array_type
[PASS] argo_read_value_suite::simple_array_type: (0.00s)
[RUN ] argo_read_value_suite::simple_basic_type
Invalid basic format at [0,2]
[----] tests/argo_utils.h:136: Assertion failed: Return value for argo_read_value() should not be null. Test failed.
[FAIL] argo_read_value_suite::simple_basic_type: (0.00s)
[RUN ] argo_read_value_suite::simple_number_type
[PASS] argo_read_value_suite::simple_number_type: (0.00s)
[RUN ] argo_read_value_suite::simple_object_type
[PASS] argo_read_value_suite::simple_object_type: (0.00s)
[RUN ] argo_read_value_suite::simple_string_type
[PASS] argo_read_value_suite::simple_string_type: (0.00s)
[====] Running 3 tests from argo_write_number_suite:
[RUN ] argo_write_number_suite::exceed_max_digits
[PASS] argo_write_number_suite::exceed_max_digits: (0.00s)
[RUN ] argo_write_number_suite::valid_float
[PASS] argo_write_number_suite::valid_float: (0.00s)
[RUN ] argo_write_number_suite::valid_int
[PASS] argo_write_number_suite::valid_int: (0.00s)
[====] Running 3 tests from argo_write_string_suite:
[RUN ] argo_write_string_suite::mixed_escape_sequence
[PASS] argo_write_string_suite::mixed_escape_sequence: (0.00s)
[RUN ] argo_write_string_suite::simple_escape_sequence
[PASS] argo_write_string_suite::simple_escape_sequence: (0.00s)
[RUN ] argo_write_string_suite::simple_string
[PASS] argo_write_string_suite::simple_string: (0.00s)
[====] Running 9 tests from argo_write_value_suite:
[RUN ] argo_write_value_suite::nested_canonical
[PASS] argo_write_value_suite::nested_canonical: (0.00s)
[RUN ] argo_write_value_suite::nested_pretty_print
[----] tests/argo_utils.h:113: Assertion failed: Invalid string content.
[FAIL] argo_write_value_suite::nested_pretty_print: (0.00s)
[RUN ] argo_write_value_suite::output_to_dev_full
[PASS] argo_write_value_suite::output_to_dev_full: (0.00s)
[RUN ] argo_write_value_suite::randomized_storage_indices
[----] tests/argo_utils.h:113: Assertion failed: Invalid string content.
[FAIL] argo_write_value_suite::randomized_storage_indices: (0.00s)
[RUN ] argo_write_value_suite::simple_array_type
[----] tests/argo_utils.h:113: Assertion failed: Invalid string content.
[FAIL] argo_write_value_suite::simple_array_type: (0.00s)
[RUN ] argo_write_value_suite::simple_basic_type
[----] tests/argo_utils.h:113: Assertion failed: Invalid string content.
[FAIL] argo_write_value_suite::simple_basic_type: (0.00s)
[RUN ] argo_write_value_suite::simple_number_type
[----] tests/argo_utils.h:105: Assertion failed: Invalid value in string_value. Expected: 3948
[FAIL] argo_write_value_suite::simple_number_type: (0.00s)
[RUN ] argo_write_value_suite::simple_object_type
[----] tests/argo_utils.h:113: Assertion failed: Invalid string content.
[FAIL] argo_write_value_suite::simple_object_type: (0.00s)
[RUN ] argo_write_value_suite::simple_string_type
[----] tests/argo_utils.h:113: Assertion failed: Invalid string content.
[FAIL] argo_write_value_suite::simple_string_type: (0.00s)
[====] Running 7 tests from basecode_suite:
[RUN ] basecode_suite::argo_basic_test
[PASS] basecode_suite::argo_basic_test: (0.00s)
[RUN ] basecode_suite::help_system_test
[PASS] basecode_suite::help_system_test: (0.00s)
[RUN ] basecode_suite::validargs_canonicalize_test
[PASS] basecode_suite::validargs_canonicalize_test: (0.00s)
[RUN ] basecode_suite::validargs_error_test
[PASS] basecode_suite::validargs_error_test: (0.00s)
[RUN ] basecode_suite::validargs_help_test
[PASS] basecode_suite::validargs_help_test: (0.00s)
[RUN ] basecode_suite::validargs_pretty_print_test
[PASS] basecode_suite::validargs_pretty_print_test: (0.00s)
[RUN ] basecode_suite::validargs_validate_test
[PASS] basecode_suite::validargs_validate_test: (0.00s)
[====] Running 5 tests from blackbox_suite:
[RUN ] blackbox_suite::average_json_test
[PASS] blackbox_suite::average_json_test: (0.00s)
[RUN ] blackbox_suite::different_spaces_test
[PASS] blackbox_suite::different_spaces_test: (0.00s)
[RUN ] blackbox_suite::long_json_test
[PASS] blackbox_suite::long_json_test: (0.00s)
[RUN ] blackbox_suite::non_ascii_test
[PASS] blackbox_suite::non_ascii_test: (0.00s)
[RUN ] blackbox_suite::simple_json_test
[PASS] blackbox_suite::simple_json_test: (0.00s)
[====] Running 6 tests from validargs_suite:
[RUN ] validargs_suite::help_first_positional_arg_test
[PASS] validargs_suite::help_first_positional_arg_test: (0.00s)
[RUN ] validargs_suite::ignore_args_after_help_test
[----] tests/argo_utils.h:58: Assertion failed: Invalid return for validargs. Got: -1 | Expected: 0
[FAIL] validargs_suite::ignore_args_after_help_test: (0.00s)
[RUN ] validargs_suite::negative_indent_test
[PASS] validargs_suite::negative_indent_test: (0.00s)
[RUN ] validargs_suite::no_args_test
[PASS] validargs_suite::no_args_test: (0.00s)
[RUN ] validargs_suite::no_dash_test
[PASS] validargs_suite::no_dash_test: (0.00s)
[RUN ] validargs_suite::optional_before_positional_test
[PASS] validargs_suite::optional_before_positional_test: (0.00s)
[----] Writing xml report in `crit.xml`.
[====] Synthesis: Tested: 62 | Passing: 41 | Failing: 21 | Crashing: 0 
